{"/Users/raikenwolf/Documents/repos/rallyOS-hub/server/src/config/allowedOrigins.ts": {"path":"/Users/raikenwolf/Documents/repos/rallyOS-hub/server/src/config/allowedOrigins.ts","statementMap":{"0":{"start":{"line":23,"column":0},"end":{"line":23,"column":16}},"1":{"start":{"line":10,"column":13},"end":{"line":21,"column":2}},"2":{"start":{"line":24,"column":21},"end":{"line":27,"column":20}},"3":{"start":{"line":26,"column":16},"end":{"line":26,"column":24}},"4":{"start":{"line":29,"column":2},"end":{"line":29,"column":68}}},"fnMap":{"0":{"name":"getAllowedOrigins","decl":{"start":{"line":23,"column":16},"end":{"line":23,"column":33}},"loc":{"start":{"line":23,"column":33},"end":{"line":30,"column":1}}},"1":{"name":"(anonymous_1)","decl":{"start":{"line":26,"column":9},"end":{"line":26,"column":10}},"loc":{"start":{"line":26,"column":16},"end":{"line":26,"column":24}}}},"branchMap":{"0":{"loc":{"start":{"line":24,"column":22},"end":{"line":24,"column":59}},"type":"binary-expr","locations":[{"start":{"line":24,"column":22},"end":{"line":24,"column":53}},{"start":{"line":24,"column":57},"end":{"line":24,"column":59}}]},"1":{"loc":{"start":{"line":29,"column":9},"end":{"line":29,"column":67}},"type":"cond-expr","locations":[{"start":{"line":29,"column":33},"end":{"line":29,"column":43}},{"start":{"line":29,"column":46},"end":{"line":29,"column":67}}]}},"s":{"0":1,"1":1,"2":6,"3":11,"4":6},"f":{"0":6,"1":11},"b":{"0":[6,2],"1":[4,2]}}
,"/Users/raikenwolf/Documents/repos/rallyOS-hub/server/src/utils/logger.ts": {"path":"/Users/raikenwolf/Documents/repos/rallyOS-hub/server/src/utils/logger.ts","statementMap":{"0":{"start":{"line":34,"column":0},"end":{"line":34,"column":16}},"1":{"start":{"line":8,"column":0},"end":{"line":8,"column":24}},"2":{"start":{"line":10,"column":22},"end":{"line":10,"column":59}},"3":{"start":{"line":12,"column":13},"end":{"line":29,"column":3}},"4":{"start":{"line":35,"column":2},"end":{"line":35,"column":31}}},"fnMap":{"0":{"name":"createChildLogger","decl":{"start":{"line":34,"column":16},"end":{"line":34,"column":33}},"loc":{"start":{"line":34,"column":66},"end":{"line":36,"column":1}}}},"branchMap":{"0":{"loc":{"start":{"line":13,"column":9},"end":{"line":13,"column":68}},"type":"binary-expr","locations":[{"start":{"line":13,"column":9},"end":{"line":13,"column":30}},{"start":{"line":13,"column":35},"end":{"line":13,"column":67}}]},"1":{"loc":{"start":{"line":13,"column":35},"end":{"line":13,"column":67}},"type":"cond-expr","locations":[{"start":{"line":13,"column":51},"end":{"line":13,"column":58}},{"start":{"line":13,"column":61},"end":{"line":13,"column":67}}]},"2":{"loc":{"start":{"line":14,"column":13},"end":{"line":23,"column":15}},"type":"cond-expr","locations":[{"start":{"line":15,"column":6},"end":{"line":22,"column":null}},{"start":{"line":23,"column":6},"end":{"line":23,"column":15}}]}},"s":{"0":1,"1":1,"2":1,"3":1,"4":0},"f":{"0":0},"b":{"0":[1,1],"1":[1,0],"2":[1,0]}}
,"/Users/raikenwolf/Documents/repos/rallyOS-hub/server/src/utils/pinEncryption.ts": {"path":"/Users/raikenwolf/Documents/repos/rallyOS-hub/server/src/utils/pinEncryption.ts","statementMap":{"0":{"start":{"line":43,"column":0},"end":{"line":43,"column":16}},"1":{"start":{"line":62,"column":0},"end":{"line":62,"column":16}},"2":{"start":{"line":106,"column":0},"end":{"line":106,"column":16}},"3":{"start":{"line":115,"column":0},"end":{"line":115,"column":16}},"4":{"start":{"line":9,"column":0},"end":{"line":9,"column":28}},"5":{"start":{"line":10,"column":0},"end":{"line":10,"column":34}},"6":{"start":{"line":16,"column":20},"end":{"line":16,"column":49}},"7":{"start":{"line":17,"column":2},"end":{"line":19,"column":3}},"8":{"start":{"line":18,"column":4},"end":{"line":18,"column":21}},"9":{"start":{"line":22,"column":2},"end":{"line":25,"column":3}},"10":{"start":{"line":23,"column":5},"end":{"line":23,"column":92}},"11":{"start":{"line":24,"column":4},"end":{"line":24,"column":87}},"12":{"start":{"line":26,"column":2},"end":{"line":26,"column":56}},"13":{"start":{"line":33,"column":23},"end":{"line":33,"column":40}},"14":{"start":{"line":34,"column":2},"end":{"line":34,"column":76}},"15":{"start":{"line":44,"column":14},"end":{"line":44,"column":32}},"16":{"start":{"line":45,"column":13},"end":{"line":45,"column":35}},"17":{"start":{"line":47,"column":17},"end":{"line":47,"column":62}},"18":{"start":{"line":48,"column":19},"end":{"line":48,"column":52}},"19":{"start":{"line":49,"column":2},"end":{"line":49,"column":36}},"20":{"start":{"line":50,"column":18},"end":{"line":50,"column":37}},"21":{"start":{"line":52,"column":20},"end":{"line":52,"column":41}},"22":{"start":{"line":53,"column":2},"end":{"line":53,"column":87}},"23":{"start":{"line":63,"column":2},"end":{"line":99,"column":3}},"24":{"start":{"line":64,"column":18},"end":{"line":64,"column":44}},"25":{"start":{"line":65,"column":4},"end":{"line":68,"column":5}},"26":{"start":{"line":66,"column":6},"end":{"line":66,"column":84}},"27":{"start":{"line":67,"column":6},"end":{"line":67,"column":18}},"28":{"start":{"line":70,"column":55},"end":{"line":70,"column":60}},"29":{"start":{"line":73,"column":16},"end":{"line":73,"column":52}},"30":{"start":{"line":74,"column":22},"end":{"line":74,"column":41}},"31":{"start":{"line":75,"column":4},"end":{"line":78,"column":5}},"32":{"start":{"line":76,"column":6},"end":{"line":76,"column":33}},"33":{"start":{"line":77,"column":6},"end":{"line":77,"column":18}},"34":{"start":{"line":80,"column":16},"end":{"line":80,"column":34}},"35":{"start":{"line":81,"column":15},"end":{"line":81,"column":40}},"36":{"start":{"line":82,"column":20},"end":{"line":82,"column":50}},"37":{"start":{"line":84,"column":21},"end":{"line":84,"column":68}},"38":{"start":{"line":85,"column":4},"end":{"line":85,"column":33}},"39":{"start":{"line":86,"column":20},"end":{"line":86,"column":62}},"40":{"start":{"line":87,"column":4},"end":{"line":87,"column":40}},"41":{"start":{"line":90,"column":4},"end":{"line":93,"column":5}},"42":{"start":{"line":91,"column":6},"end":{"line":91,"column":51}},"43":{"start":{"line":92,"column":6},"end":{"line":92,"column":18}},"44":{"start":{"line":95,"column":4},"end":{"line":95,"column":21}},"45":{"start":{"line":97,"column":4},"end":{"line":97,"column":49}},"46":{"start":{"line":98,"column":4},"end":{"line":98,"column":16}},"47":{"start":{"line":107,"column":20},"end":{"line":107,"column":44}},"48":{"start":{"line":109,"column":2},"end":{"line":109,"column":54}},"49":{"start":{"line":116,"column":2},"end":{"line":123,"column":3}},"50":{"start":{"line":118,"column":20},"end":{"line":118,"column":75}},"51":{"start":{"line":119,"column":4},"end":{"line":119,"column":40}},"52":{"start":{"line":121,"column":4},"end":{"line":121,"column":53}},"53":{"start":{"line":122,"column":4},"end":{"line":122,"column":16}}},"fnMap":{"0":{"name":"getServerSecret","decl":{"start":{"line":15,"column":9},"end":{"line":15,"column":24}},"loc":{"start":{"line":15,"column":24},"end":{"line":27,"column":1}}},"1":{"name":"deriveKey","decl":{"start":{"line":32,"column":9},"end":{"line":32,"column":18}},"loc":{"start":{"line":32,"column":34},"end":{"line":35,"column":1}}},"2":{"name":"encryptPin","decl":{"start":{"line":43,"column":16},"end":{"line":43,"column":26}},"loc":{"start":{"line":43,"column":55},"end":{"line":54,"column":1}}},"3":{"name":"decryptPin","decl":{"start":{"line":62,"column":16},"end":{"line":62,"column":26}},"loc":{"start":{"line":62,"column":67},"end":{"line":100,"column":1}}},"4":{"name":"encryptPinForUrl","decl":{"start":{"line":106,"column":16},"end":{"line":106,"column":32}},"loc":{"start":{"line":106,"column":61},"end":{"line":110,"column":1}}},"5":{"name":"decryptPinFromUrl","decl":{"start":{"line":115,"column":16},"end":{"line":115,"column":33}},"loc":{"start":{"line":115,"column":71},"end":{"line":124,"column":1}}}},"branchMap":{"0":{"loc":{"start":{"line":17,"column":2},"end":{"line":19,"column":3}},"type":"if","locations":[{"start":{"line":17,"column":2},"end":{"line":19,"column":3}},{"start":{},"end":{}}]},"1":{"loc":{"start":{"line":22,"column":2},"end":{"line":25,"column":3}},"type":"if","locations":[{"start":{"line":22,"column":2},"end":{"line":25,"column":3}},{"start":{},"end":{}}]},"2":{"loc":{"start":{"line":65,"column":4},"end":{"line":68,"column":5}},"type":"if","locations":[{"start":{"line":65,"column":4},"end":{"line":68,"column":5}},{"start":{},"end":{}}]},"3":{"loc":{"start":{"line":75,"column":4},"end":{"line":78,"column":5}},"type":"if","locations":[{"start":{"line":75,"column":4},"end":{"line":78,"column":5}},{"start":{},"end":{}}]},"4":{"loc":{"start":{"line":90,"column":4},"end":{"line":93,"column":5}},"type":"if","locations":[{"start":{"line":90,"column":4},"end":{"line":93,"column":5}},{"start":{},"end":{}}]}},"s":{"0":1,"1":1,"2":1,"3":1,"4":1,"5":1,"6":14,"7":14,"8":0,"9":14,"10":1,"11":1,"12":14,"13":14,"14":14,"15":9,"16":9,"17":9,"18":9,"19":9,"20":9,"21":9,"22":9,"23":6,"24":6,"25":6,"26":1,"27":1,"28":5,"29":5,"30":5,"31":5,"32":0,"33":0,"34":5,"35":5,"36":5,"37":5,"38":5,"39":5,"40":5,"41":3,"42":1,"43":1,"44":2,"45":2,"46":2,"47":2,"48":2,"49":1,"50":1,"51":1,"52":0,"53":0},"f":{"0":14,"1":14,"2":9,"3":6,"4":2,"5":1},"b":{"0":[0,14],"1":[1,13],"2":[1,5],"3":[0,5],"4":[1,2]}}
,"/Users/raikenwolf/Documents/repos/rallyOS-hub/server/src/utils/validation.ts": {"path":"/Users/raikenwolf/Documents/repos/rallyOS-hub/server/src/utils/validation.ts","statementMap":{"0":{"start":{"line":145,"column":0},"end":{"line":145,"column":16}},"1":{"start":{"line":161,"column":0},"end":{"line":161,"column":16}},"2":{"start":{"line":9,"column":4},"end":{"line":9,"column":19}},"3":{"start":{"line":3,"column":11},"end":{"line":3,"column":35}},"4":{"start":{"line":4,"column":11},"end":{"line":4,"column":24}},"5":{"start":{"line":5,"column":11},"end":{"line":5,"column":26}},"6":{"start":{"line":6,"column":11},"end":{"line":6,"column":27}},"7":{"start":{"line":7,"column":11},"end":{"line":7,"column":27}},"8":{"start":{"line":10,"column":4},"end":{"line":10,"column":34}},"9":{"start":{"line":1,"column":0},"end":{"line":1,"column":13}},"10":{"start":{"line":30,"column":2},"end":{"line":30,"column":36}},"11":{"start":{"line":30,"column":22},"end":{"line":30,"column":36}},"12":{"start":{"line":31,"column":2},"end":{"line":31,"column":46}},"13":{"start":{"line":31,"column":27},"end":{"line":31,"column":46}},"14":{"start":{"line":32,"column":2},"end":{"line":32,"column":22}},"15":{"start":{"line":36,"column":2},"end":{"line":44,"column":3}},"16":{"start":{"line":37,"column":4},"end":{"line":43,"column":6}},"17":{"start":{"line":48,"column":2},"end":{"line":68,"column":3}},"18":{"start":{"line":49,"column":4},"end":{"line":67,"column":5}},"19":{"start":{"line":50,"column":6},"end":{"line":58,"column":7}},"20":{"start":{"line":51,"column":8},"end":{"line":57,"column":10}},"21":{"start":{"line":59,"column":11},"end":{"line":67,"column":5}},"22":{"start":{"line":60,"column":6},"end":{"line":66,"column":8}},"23":{"start":{"line":72,"column":2},"end":{"line":91,"column":3}},"24":{"start":{"line":73,"column":4},"end":{"line":81,"column":5}},"25":{"start":{"line":74,"column":6},"end":{"line":80,"column":8}},"26":{"start":{"line":82,"column":4},"end":{"line":90,"column":5}},"27":{"start":{"line":83,"column":6},"end":{"line":89,"column":8}},"28":{"start":{"line":95,"column":2},"end":{"line":105,"column":3}},"29":{"start":{"line":96,"column":4},"end":{"line":104,"column":5}},"30":{"start":{"line":97,"column":6},"end":{"line":103,"column":8}},"31":{"start":{"line":109,"column":2},"end":{"line":119,"column":3}},"32":{"start":{"line":110,"column":4},"end":{"line":118,"column":5}},"33":{"start":{"line":111,"column":6},"end":{"line":117,"column":8}},"34":{"start":{"line":123,"column":2},"end":{"line":142,"column":3}},"35":{"start":{"line":124,"column":4},"end":{"line":132,"column":5}},"36":{"start":{"line":125,"column":6},"end":{"line":131,"column":8}},"37":{"start":{"line":133,"column":4},"end":{"line":141,"column":5}},"38":{"start":{"line":134,"column":6},"end":{"line":140,"column":8}},"39":{"start":{"line":146,"column":2},"end":{"line":158,"column":3}},"40":{"start":{"line":147,"column":18},"end":{"line":147,"column":29}},"41":{"start":{"line":149,"column":4},"end":{"line":149,"column":38}},"42":{"start":{"line":151,"column":4},"end":{"line":157,"column":5}},"43":{"start":{"line":152,"column":6},"end":{"line":152,"column":36}},"44":{"start":{"line":153,"column":6},"end":{"line":153,"column":44}},"45":{"start":{"line":154,"column":6},"end":{"line":154,"column":39}},"46":{"start":{"line":155,"column":6},"end":{"line":155,"column":36}},"47":{"start":{"line":156,"column":6},"end":{"line":156,"column":44}},"48":{"start":{"line":167,"column":2},"end":{"line":181,"column":3}},"49":{"start":{"line":168,"column":4},"end":{"line":168,"column":33}},"50":{"start":{"line":169,"column":4},"end":{"line":169,"column":16}},"51":{"start":{"line":171,"column":4},"end":{"line":179,"column":5}},"52":{"start":{"line":172,"column":6},"end":{"line":177,"column":9}},"53":{"start":{"line":178,"column":6},"end":{"line":178,"column":19}},"54":{"start":{"line":180,"column":4},"end":{"line":180,"column":16}}},"fnMap":{"0":{"name":"(anonymous_0)","decl":{"start":{"line":2,"column":2},"end":{"line":2,"column":null}},"loc":{"start":{"line":7,"column":27},"end":{"line":11,"column":3}}},"1":{"name":"getTypeName","decl":{"start":{"line":29,"column":9},"end":{"line":29,"column":20}},"loc":{"start":{"line":29,"column":31},"end":{"line":33,"column":1}}},"2":{"name":"checkRequired","decl":{"start":{"line":35,"column":9},"end":{"line":35,"column":22}},"loc":{"start":{"line":35,"column":70},"end":{"line":45,"column":1}}},"3":{"name":"checkType","decl":{"start":{"line":47,"column":9},"end":{"line":47,"column":18}},"loc":{"start":{"line":47,"column":66},"end":{"line":69,"column":1}}},"4":{"name":"checkStringLength","decl":{"start":{"line":71,"column":9},"end":{"line":71,"column":26}},"loc":{"start":{"line":71,"column":74},"end":{"line":92,"column":1}}},"5":{"name":"checkPattern","decl":{"start":{"line":94,"column":9},"end":{"line":94,"column":21}},"loc":{"start":{"line":94,"column":69},"end":{"line":106,"column":1}}},"6":{"name":"checkEnum","decl":{"start":{"line":108,"column":9},"end":{"line":108,"column":18}},"loc":{"start":{"line":108,"column":66},"end":{"line":120,"column":1}}},"7":{"name":"checkNumericRange","decl":{"start":{"line":122,"column":9},"end":{"line":122,"column":26}},"loc":{"start":{"line":122,"column":74},"end":{"line":143,"column":1}}},"8":{"name":"validatePayload","decl":{"start":{"line":145,"column":16},"end":{"line":145,"column":31}},"loc":{"start":{"line":145,"column":65},"end":{"line":159,"column":1}}},"9":{"name":"validateSocketPayload","decl":{"start":{"line":161,"column":16},"end":{"line":161,"column":37}},"loc":{"start":{"line":165,"column":19},"end":{"line":182,"column":1}}}},"branchMap":{"0":{"loc":{"start":{"line":30,"column":2},"end":{"line":30,"column":36}},"type":"if","locations":[{"start":{"line":30,"column":2},"end":{"line":30,"column":36}},{"start":{},"end":{}}]},"1":{"loc":{"start":{"line":31,"column":2},"end":{"line":31,"column":46}},"type":"if","locations":[{"start":{"line":31,"column":2},"end":{"line":31,"column":46}},{"start":{},"end":{}}]},"2":{"loc":{"start":{"line":36,"column":2},"end":{"line":44,"column":3}},"type":"if","locations":[{"start":{"line":36,"column":2},"end":{"line":44,"column":3}},{"start":{},"end":{}}]},"3":{"loc":{"start":{"line":36,"column":6},"end":{"line":36,"column":62}},"type":"binary-expr","locations":[{"start":{"line":36,"column":6},"end":{"line":36,"column":19}},{"start":{"line":36,"column":24},"end":{"line":36,"column":43}},{"start":{"line":36,"column":47},"end":{"line":36,"column":61}}]},"4":{"loc":{"start":{"line":42,"column":6},"end":{"line":42,"column":46}},"type":"cond-expr","locations":[{"start":{"line":42,"column":28},"end":{"line":42,"column":37}},{"start":{"line":42,"column":40},"end":{"line":42,"column":46}}]},"5":{"loc":{"start":{"line":48,"column":2},"end":{"line":68,"column":3}},"type":"if","locations":[{"start":{"line":48,"column":2},"end":{"line":68,"column":3}},{"start":{},"end":{}}]},"6":{"loc":{"start":{"line":48,"column":6},"end":{"line":48,"column":56}},"type":"binary-expr","locations":[{"start":{"line":48,"column":6},"end":{"line":48,"column":15}},{"start":{"line":48,"column":19},"end":{"line":48,"column":38}},{"start":{"line":48,"column":42},"end":{"line":48,"column":56}}]},"7":{"loc":{"start":{"line":49,"column":4},"end":{"line":67,"column":5}},"type":"if","locations":[{"start":{"line":49,"column":4},"end":{"line":67,"column":5}},{"start":{"line":59,"column":11},"end":{"line":67,"column":5}}]},"8":{"loc":{"start":{"line":50,"column":6},"end":{"line":58,"column":7}},"type":"if","locations":[{"start":{"line":50,"column":6},"end":{"line":58,"column":7}},{"start":{},"end":{}}]},"9":{"loc":{"start":{"line":50,"column":10},"end":{"line":50,"column":77}},"type":"binary-expr","locations":[{"start":{"line":50,"column":10},"end":{"line":50,"column":35}},{"start":{"line":50,"column":39},"end":{"line":50,"column":53}},{"start":{"line":50,"column":57},"end":{"line":50,"column":77}}]},"10":{"loc":{"start":{"line":56,"column":10},"end":{"line":56,"column":61}},"type":"cond-expr","locations":[{"start":{"line":56,"column":33},"end":{"line":56,"column":40}},{"start":{"line":56,"column":43},"end":{"line":56,"column":61}}]},"11":{"loc":{"start":{"line":59,"column":11},"end":{"line":67,"column":5}},"type":"if","locations":[{"start":{"line":59,"column":11},"end":{"line":67,"column":5}},{"start":{},"end":{}}]},"12":{"loc":{"start":{"line":72,"column":2},"end":{"line":91,"column":3}},"type":"if","locations":[{"start":{"line":72,"column":2},"end":{"line":91,"column":3}},{"start":{},"end":{}}]},"13":{"loc":{"start":{"line":73,"column":4},"end":{"line":81,"column":5}},"type":"if","locations":[{"start":{"line":73,"column":4},"end":{"line":81,"column":5}},{"start":{},"end":{}}]},"14":{"loc":{"start":{"line":73,"column":8},"end":{"line":73,"column":69}},"type":"binary-expr","locations":[{"start":{"line":73,"column":8},"end":{"line":73,"column":36}},{"start":{"line":73,"column":40},"end":{"line":73,"column":69}}]},"15":{"loc":{"start":{"line":82,"column":4},"end":{"line":90,"column":5}},"type":"if","locations":[{"start":{"line":82,"column":4},"end":{"line":90,"column":5}},{"start":{},"end":{}}]},"16":{"loc":{"start":{"line":82,"column":8},"end":{"line":82,"column":69}},"type":"binary-expr","locations":[{"start":{"line":82,"column":8},"end":{"line":82,"column":36}},{"start":{"line":82,"column":40},"end":{"line":82,"column":69}}]},"17":{"loc":{"start":{"line":95,"column":2},"end":{"line":105,"column":3}},"type":"if","locations":[{"start":{"line":95,"column":2},"end":{"line":105,"column":3}},{"start":{},"end":{}}]},"18":{"loc":{"start":{"line":95,"column":6},"end":{"line":95,"column":47}},"type":"binary-expr","locations":[{"start":{"line":95,"column":6},"end":{"line":95,"column":31}},{"start":{"line":95,"column":35},"end":{"line":95,"column":47}}]},"19":{"loc":{"start":{"line":96,"column":4},"end":{"line":104,"column":5}},"type":"if","locations":[{"start":{"line":96,"column":4},"end":{"line":104,"column":5}},{"start":{},"end":{}}]},"20":{"loc":{"start":{"line":109,"column":2},"end":{"line":119,"column":3}},"type":"if","locations":[{"start":{"line":109,"column":2},"end":{"line":119,"column":3}},{"start":{},"end":{}}]},"21":{"loc":{"start":{"line":109,"column":6},"end":{"line":109,"column":44}},"type":"binary-expr","locations":[{"start":{"line":109,"column":6},"end":{"line":109,"column":31}},{"start":{"line":109,"column":35},"end":{"line":109,"column":44}}]},"22":{"loc":{"start":{"line":110,"column":4},"end":{"line":118,"column":5}},"type":"if","locations":[{"start":{"line":110,"column":4},"end":{"line":118,"column":5}},{"start":{},"end":{}}]},"23":{"loc":{"start":{"line":123,"column":2},"end":{"line":142,"column":3}},"type":"if","locations":[{"start":{"line":123,"column":2},"end":{"line":142,"column":3}},{"start":{},"end":{}}]},"24":{"loc":{"start":{"line":124,"column":4},"end":{"line":132,"column":5}},"type":"if","locations":[{"start":{"line":124,"column":4},"end":{"line":132,"column":5}},{"start":{},"end":{}}]},"25":{"loc":{"start":{"line":124,"column":8},"end":{"line":124,"column":50}},"type":"binary-expr","locations":[{"start":{"line":124,"column":8},"end":{"line":124,"column":30}},{"start":{"line":124,"column":34},"end":{"line":124,"column":50}}]},"26":{"loc":{"start":{"line":133,"column":4},"end":{"line":141,"column":5}},"type":"if","locations":[{"start":{"line":133,"column":4},"end":{"line":141,"column":5}},{"start":{},"end":{}}]},"27":{"loc":{"start":{"line":133,"column":8},"end":{"line":133,"column":50}},"type":"binary-expr","locations":[{"start":{"line":133,"column":8},"end":{"line":133,"column":30}},{"start":{"line":133,"column":34},"end":{"line":133,"column":50}}]},"28":{"loc":{"start":{"line":151,"column":4},"end":{"line":157,"column":5}},"type":"if","locations":[{"start":{"line":151,"column":4},"end":{"line":157,"column":5}},{"start":{},"end":{}}]},"29":{"loc":{"start":{"line":151,"column":8},"end":{"line":151,"column":45}},"type":"binary-expr","locations":[{"start":{"line":151,"column":8},"end":{"line":151,"column":27}},{"start":{"line":151,"column":31},"end":{"line":151,"column":45}}]},"30":{"loc":{"start":{"line":171,"column":4},"end":{"line":179,"column":5}},"type":"if","locations":[{"start":{"line":171,"column":4},"end":{"line":179,"column":5}},{"start":{},"end":{}}]}},"s":{"0":1,"1":1,"2":6,"3":6,"4":6,"5":6,"6":6,"7":6,"8":6,"9":1,"10":1,"11":0,"12":1,"13":0,"14":1,"15":12,"16":2,"17":9,"18":9,"19":0,"20":0,"21":9,"22":1,"23":8,"24":8,"25":0,"26":8,"27":1,"28":7,"29":2,"30":1,"31":6,"32":1,"33":1,"34":5,"35":0,"36":0,"37":0,"38":0,"39":10,"40":12,"41":12,"42":10,"43":9,"44":8,"45":7,"46":6,"47":5,"48":2,"49":2,"50":1,"51":1,"52":1,"53":1,"54":0},"f":{"0":6,"1":1,"2":12,"3":9,"4":8,"5":7,"6":6,"7":5,"8":10,"9":2},"b":{"0":[0,1],"1":[0,1],"2":[2,10],"3":[12,10,8],"4":[2,0],"5":[9,0],"6":[9,9,9],"7":[0,9],"8":[0,0],"9":[0,0,0],"10":[0,0],"11":[1,8],"12":[8,0],"13":[0,8],"14":[8,0],"15":[1,7],"16":[8,3],"17":[2,5],"18":[7,7],"19":[1,1],"20":[1,5],"21":[6,6],"22":[1,0],"23":[0,5],"24":[0,0],"25":[0,0],"26":[0,0],"27":[0,0],"28":[9,1],"29":[10,9],"30":[1,0]}}
}
