TN:
SF:src/config/allowedOrigins.ts
FN:23,getAllowedOrigins
FN:26,(anonymous_1)
FNF:2
FNH:2
FNDA:6,getAllowedOrigins
FNDA:11,(anonymous_1)
DA:10,1
DA:23,1
DA:24,6
DA:26,11
DA:29,6
LF:5
LH:5
BRDA:24,0,0,6
BRDA:24,0,1,2
BRDA:29,1,0,4
BRDA:29,1,1,2
BRF:4
BRH:4
end_of_record
TN:
SF:src/utils/logger.ts
FN:34,createChildLogger
FNF:1
FNH:0
FNDA:0,createChildLogger
DA:8,1
DA:10,1
DA:12,1
DA:34,1
DA:35,0
LF:5
LH:4
BRDA:13,0,0,1
BRDA:13,0,1,1
BRDA:13,1,0,1
BRDA:13,1,1,0
BRDA:14,2,0,1
BRDA:14,2,1,0
BRF:6
BRH:4
end_of_record
TN:
SF:src/utils/pinEncryption.ts
FN:15,getServerSecret
FN:32,deriveKey
FN:43,encryptPin
FN:62,decryptPin
FN:106,encryptPinForUrl
FN:115,decryptPinFromUrl
FNF:6
FNH:6
FNDA:14,getServerSecret
FNDA:14,deriveKey
FNDA:9,encryptPin
FNDA:6,decryptPin
FNDA:2,encryptPinForUrl
FNDA:1,decryptPinFromUrl
DA:9,1
DA:10,1
DA:16,14
DA:17,14
DA:18,0
DA:22,14
DA:23,1
DA:24,1
DA:26,14
DA:33,14
DA:34,14
DA:43,1
DA:44,9
DA:45,9
DA:47,9
DA:48,9
DA:49,9
DA:50,9
DA:52,9
DA:53,9
DA:62,1
DA:63,6
DA:64,6
DA:65,6
DA:66,1
DA:67,1
DA:70,5
DA:73,5
DA:74,5
DA:75,5
DA:76,0
DA:77,0
DA:80,5
DA:81,5
DA:82,5
DA:84,5
DA:85,5
DA:86,5
DA:87,5
DA:90,3
DA:91,1
DA:92,1
DA:95,2
DA:97,2
DA:98,2
DA:106,1
DA:107,2
DA:109,2
DA:115,1
DA:116,1
DA:118,1
DA:119,1
DA:121,0
DA:122,0
LF:54
LH:49
BRDA:17,0,0,0
BRDA:17,0,1,14
BRDA:22,1,0,1
BRDA:22,1,1,13
BRDA:65,2,0,1
BRDA:65,2,1,5
BRDA:75,3,0,0
BRDA:75,3,1,5
BRDA:90,4,0,1
BRDA:90,4,1,2
BRF:10
BRH:8
end_of_record
TN:
SF:src/utils/validation.ts
FN:2,(anonymous_0)
FN:29,getTypeName
FN:35,checkRequired
FN:47,checkType
FN:71,checkStringLength
FN:94,checkPattern
FN:108,checkEnum
FN:122,checkNumericRange
FN:145,validatePayload
FN:161,validateSocketPayload
FNF:10
FNH:10
FNDA:6,(anonymous_0)
FNDA:1,getTypeName
FNDA:12,checkRequired
FNDA:9,checkType
FNDA:8,checkStringLength
FNDA:7,checkPattern
FNDA:6,checkEnum
FNDA:5,checkNumericRange
FNDA:10,validatePayload
FNDA:2,validateSocketPayload
DA:1,1
DA:3,6
DA:4,6
DA:5,6
DA:6,6
DA:7,6
DA:9,6
DA:10,6
DA:30,1
DA:31,1
DA:32,1
DA:36,12
DA:37,2
DA:48,9
DA:49,9
DA:50,0
DA:51,0
DA:59,9
DA:60,1
DA:72,8
DA:73,8
DA:74,0
DA:82,8
DA:83,1
DA:95,7
DA:96,2
DA:97,1
DA:109,6
DA:110,1
DA:111,1
DA:123,5
DA:124,0
DA:125,0
DA:133,0
DA:134,0
DA:145,1
DA:146,10
DA:147,12
DA:149,12
DA:151,10
DA:152,9
DA:153,8
DA:154,7
DA:155,6
DA:156,5
DA:161,1
DA:167,2
DA:168,2
DA:169,1
DA:171,1
DA:172,1
DA:178,1
DA:180,0
LF:53
LH:45
BRDA:30,0,0,0
BRDA:30,0,1,1
BRDA:31,1,0,0
BRDA:31,1,1,1
BRDA:36,2,0,2
BRDA:36,2,1,10
BRDA:36,3,0,12
BRDA:36,3,1,10
BRDA:36,3,2,8
BRDA:42,4,0,2
BRDA:42,4,1,0
BRDA:48,5,0,9
BRDA:48,5,1,0
BRDA:48,6,0,9
BRDA:48,6,1,9
BRDA:48,6,2,9
BRDA:49,7,0,0
BRDA:49,7,1,9
BRDA:50,8,0,0
BRDA:50,8,1,0
BRDA:50,9,0,0
BRDA:50,9,1,0
BRDA:50,9,2,0
BRDA:56,10,0,0
BRDA:56,10,1,0
BRDA:59,11,0,1
BRDA:59,11,1,8
BRDA:72,12,0,8
BRDA:72,12,1,0
BRDA:73,13,0,0
BRDA:73,13,1,8
BRDA:73,14,0,8
BRDA:73,14,1,0
BRDA:82,15,0,1
BRDA:82,15,1,7
BRDA:82,16,0,8
BRDA:82,16,1,3
BRDA:95,17,0,2
BRDA:95,17,1,5
BRDA:95,18,0,7
BRDA:95,18,1,7
BRDA:96,19,0,1
BRDA:96,19,1,1
BRDA:109,20,0,1
BRDA:109,20,1,5
BRDA:109,21,0,6
BRDA:109,21,1,6
BRDA:110,22,0,1
BRDA:110,22,1,0
BRDA:123,23,0,0
BRDA:123,23,1,5
BRDA:124,24,0,0
BRDA:124,24,1,0
BRDA:124,25,0,0
BRDA:124,25,1,0
BRDA:133,26,0,0
BRDA:133,26,1,0
BRDA:133,27,0,0
BRDA:133,27,1,0
BRDA:151,28,0,9
BRDA:151,28,1,1
BRDA:151,29,0,10
BRDA:151,29,1,9
BRDA:171,30,0,1
BRDA:171,30,1,0
BRF:65
BRH:39
end_of_record
